<?xml version="1.0" encoding="utf-8"?><testsuites><testsuite name="pytest" errors="0" failures="0" skipped="0" tests="4" time="55.019" timestamp="2021-04-01T22:22:34.701238" hostname="DESKTOP-U2CEJ50"><testcase classname="test_Homepage.Testhomepage" name="test_getlogger" time="18.792" /><testcase classname="test_Homepage.Testhomepage" name="test_formsubmission[getdata0]" time="1.448" /><testcase classname="test_e2e.Testdemo" name="test_getlogger" time="18.706" /><testcase classname="test_e2e.Testdemo" name="test_e2e" time="11.552" /></testsuite></testsuites>